<?xml version="1.0" encoding="UTF-8"?>
<testng-results ignored="0" total="1" passed="1" failed="0" skipped="0">
  <reporter-output>
  </reporter-output>
  <suite started-at="2024-03-18T15:35:11 IST" name="Suite" finished-at="2024-03-18T15:35:54 IST" duration-ms="43279">
    <groups>
    </groups>
    <test started-at="2024-03-18T15:35:11 IST" name="Test" finished-at="2024-03-18T15:35:54 IST" duration-ms="43279">
      <class name="com.M42.execution.TestExecution">
        <test-method is-config="true" signature="setUp()[pri:0, instance:com.M42.execution.TestExecution@47b179d7]" started-at="2024-03-18T15:35:11 IST" name="setUp" finished-at="2024-03-18T15:35:18 IST" duration-ms="6697" status="PASS">
          <reporter-output>
          </reporter-output>
        </test-method> <!-- setUp -->
        <test-method signature="PatientRegistration()[pri:0, instance:com.M42.execution.TestExecution@47b179d7]" started-at="2024-03-18T15:35:18 IST" name="PatientRegistration" finished-at="2024-03-18T15:35:52 IST" duration-ms="34191" status="PASS">
          <reporter-output>
          </reporter-output>
        </test-method> <!-- PatientRegistration -->
        <test-method is-config="true" signature="close()[pri:0, instance:com.M42.execution.TestExecution@47b179d7]" started-at="2024-03-18T15:35:52 IST" name="close" finished-at="2024-03-18T15:35:54 IST" duration-ms="1939" status="PASS">
          <reporter-output>
          </reporter-output>
        </test-method> <!-- close -->
      </class> <!-- com.M42.execution.TestExecution -->
    </test> <!-- Test -->
  </suite> <!-- Suite -->
</testng-results>
