<?xml version="1.0" encoding="UTF-8"?>
<testng-results ignored="0" total="1" passed="1" failed="0" skipped="0">
  <reporter-output>
  </reporter-output>
  <suite started-at="2024-03-15T15:09:47 IST" name="M42Suite" finished-at="2024-03-15T15:10:14 IST" duration-ms="27318">
    <groups>
    </groups>
    <test started-at="2024-03-15T15:09:47 IST" name="M42Test" finished-at="2024-03-15T15:10:14 IST" duration-ms="27318">
      <class name="com.M42.execution.TestExecution">
        <test-method is-config="true" signature="setUp()[pri:0, instance:com.M42.execution.TestExecution@3b95d13c]" started-at="2024-03-15T15:09:47 IST" name="setUp" finished-at="2024-03-15T15:09:53 IST" duration-ms="6159" status="PASS">
          <reporter-output>
          </reporter-output>
        </test-method> <!-- setUp -->
        <test-method signature="PatientRegistration()[pri:0, instance:com.M42.execution.TestExecution@3b95d13c]" started-at="2024-03-15T15:09:53 IST" name="PatientRegistration" finished-at="2024-03-15T15:10:13 IST" duration-ms="20277" status="PASS">
          <reporter-output>
          </reporter-output>
        </test-method> <!-- PatientRegistration -->
        <test-method is-config="true" signature="close()[pri:0, instance:com.M42.execution.TestExecution@3b95d13c]" started-at="2024-03-15T15:10:14 IST" name="close" finished-at="2024-03-15T15:10:14 IST" duration-ms="593" status="PASS">
          <reporter-output>
          </reporter-output>
        </test-method> <!-- close -->
      </class> <!-- com.M42.execution.TestExecution -->
    </test> <!-- M42Test -->
  </suite> <!-- M42Suite -->
</testng-results>
